S0 = (!i_i&!o_s&!o_c) | (!oe_0);
S1 = (!i_i&!o_s&!o_c) | (!oe_g4&!oe_0);
S2 = (!i_i&!o_s&!o_c) | (!oe_0);
S3 = (!oe_g4&!oe_1&as&i_0) | (!i_i&!o_s);
S4 = (!as&!i_i&!o_c) | (!i_i&!o_s&!o_c) | (!oe_0&!o_c) | (!ff);
S5 = (!as&!i_e&!o_c) | (!i_i&!o_s) | (as);
S6 = ;
S7 = ;
S8 = ;
S9 = ;
S10 = ;
S11 = ;
S12 = (!as&!i_e&!o_c) | (!i_i&!o_s) | (as);
S13 = ;
S14 = (!as&!i_e&!o_c) | (!i_i&!o_s) | (as);
S15 = (!as&!i_e&!o_c) | (!i_i&!o_s) | (as);
S16 = (!as&!i_e&!o_c) | (!i_i&!o_s) | (as);
S17 = (!oe_g4&!oe_0) | (as);
S18 = (!ff);
S19 = ;
S20 = ;
S21 = (!ff) | (!as&!i_e&!o_c);
S22 = (!as&!i_e&!o_c) | (!i_i&!o_s) | (as);
S23 = (!as&!i_e&!o_c) | (!i_i&!o_s) | (as);
